<?xml version="1.0" encoding="UTF-8"?>
<testng-results skipped="0" failed="0" total="5" passed="5">
  <reporter-output>
  </reporter-output>
  <suite name="com.yahoo.ycsb.db.ElasticSearchClientTest" duration-ms="2879" started-at="2014-06-17T13:52:17Z" finished-at="2014-06-17T13:52:20Z">
    <groups>
    </groups>
    <test name="Command line test" duration-ms="2879" started-at="2014-06-17T13:52:17Z" finished-at="2014-06-17T13:52:20Z">
      <class name="com.yahoo.ycsb.db.ElasticSearchClientTest">
        <test-method status="PASS" signature="setUpClass()" name="setUpClass" is-config="true" duration-ms="2364" started-at="2014-06-17T13:52:17Z" finished-at="2014-06-17T13:52:19Z">
        </test-method>
        <test-method status="PASS" signature="setUp()" name="setUp" is-config="true" duration-ms="226" started-at="2014-06-17T13:52:19Z" finished-at="2014-06-17T13:52:19Z">
        </test-method>
        <test-method status="PASS" signature="testDelete()" name="testDelete" duration-ms="5" started-at="2014-06-17T13:52:19Z" finished-at="2014-06-17T13:52:19Z">
        </test-method>
        <test-method status="PASS" signature="tearDown()" name="tearDown" is-config="true" duration-ms="1" started-at="2014-06-17T13:52:19Z" finished-at="2014-06-17T13:52:19Z">
        </test-method>
        <test-method status="PASS" signature="setUp()" name="setUp" is-config="true" duration-ms="2" started-at="2014-06-17T13:52:19Z" finished-at="2014-06-17T13:52:19Z">
        </test-method>
        <test-method status="PASS" signature="testInsert()" name="testInsert" duration-ms="1" started-at="2014-06-17T13:52:19Z" finished-at="2014-06-17T13:52:19Z">
        </test-method>
        <test-method status="PASS" signature="tearDown()" name="tearDown" is-config="true" duration-ms="1" started-at="2014-06-17T13:52:19Z" finished-at="2014-06-17T13:52:19Z">
        </test-method>
        <test-method status="PASS" signature="setUp()" name="setUp" is-config="true" duration-ms="13" started-at="2014-06-17T13:52:19Z" finished-at="2014-06-17T13:52:19Z">
        </test-method>
        <test-method status="PASS" signature="testRead()" name="testRead" duration-ms="25" started-at="2014-06-17T13:52:19Z" finished-at="2014-06-17T13:52:20Z">
        </test-method>
        <test-method status="PASS" signature="tearDown()" name="tearDown" is-config="true" duration-ms="0" started-at="2014-06-17T13:52:20Z" finished-at="2014-06-17T13:52:20Z">
        </test-method>
        <test-method status="PASS" signature="setUp()" name="setUp" is-config="true" duration-ms="7" started-at="2014-06-17T13:52:20Z" finished-at="2014-06-17T13:52:20Z">
        </test-method>
        <test-method status="PASS" signature="testScan()" name="testScan" duration-ms="156" started-at="2014-06-17T13:52:20Z" finished-at="2014-06-17T13:52:20Z">
        </test-method>
        <test-method status="PASS" signature="tearDown()" name="tearDown" is-config="true" duration-ms="1" started-at="2014-06-17T13:52:20Z" finished-at="2014-06-17T13:52:20Z">
        </test-method>
        <test-method status="PASS" signature="setUp()" name="setUp" is-config="true" duration-ms="9" started-at="2014-06-17T13:52:20Z" finished-at="2014-06-17T13:52:20Z">
        </test-method>
        <test-method status="PASS" signature="testUpdate()" name="testUpdate" duration-ms="4" started-at="2014-06-17T13:52:20Z" finished-at="2014-06-17T13:52:20Z">
        </test-method>
        <test-method status="PASS" signature="tearDownClass()" name="tearDownClass" is-config="true" duration-ms="59" started-at="2014-06-17T13:52:20Z" finished-at="2014-06-17T13:52:20Z">
        </test-method>
        <test-method status="PASS" signature="tearDown()" name="tearDown" is-config="true" duration-ms="0" started-at="2014-06-17T13:52:20Z" finished-at="2014-06-17T13:52:20Z">
        </test-method>
      </class>
    </test>
  </suite>
</testng-results>
